#-----------------------------------------------------------
# Vivado v2018.3 (64-bit)
# SW Build 2405991 on Thu Dec  6 23:38:27 MST 2018
# IP Build 2404404 on Fri Dec  7 01:43:56 MST 2018
# Start of session at: Fri Apr 29 21:16:09 2022
# Process ID: 8592
# Current directory: E:/study/experiment verilog/booth
# Command line: vivado.exe -gui_launcher_event rodinguilauncherevent10192 E:\study\experiment verilog\booth\booth.xpr
# Log file: E:/study/experiment verilog/booth/vivado.log
# Journal file: E:/study/experiment verilog/booth\vivado.jou
#-----------------------------------------------------------
start_gui
open_project {E:/study/experiment verilog/booth/booth.xpr}
Scanning sources...
Finished scanning sources
INFO: [IP_Flow 19-234] Refreshing IP repositories
INFO: [IP_Flow 19-1704] No user IP repositories specified
INFO: [IP_Flow 19-2313] Loaded Vivado IP repository 'D:/vivado/Vivado/2018.3/data/ip'.
update_compile_order -fileset sources_1
exit
INFO: [Common 17-206] Exiting Vivado at Fri Apr 29 21:16:45 2022...
